<?xml version="1.0" encoding="UTF-8"?>
<testng-results skipped="0" failed="0" ignored="0" total="1" passed="1">
  <reporter-output>
  </reporter-output>
  <suite name="testfeature.LoginTest" duration-ms="158" started-at="2020-03-23T13:18:12 IST" finished-at="2020-03-23T13:18:13 IST">
    <groups>
    </groups>
    <test name="Command line test" duration-ms="158" started-at="2020-03-23T13:18:12 IST" finished-at="2020-03-23T13:18:13 IST">
      <class name="testfeature.LoginTest">
        <test-method status="PASS" signature="logintest_tc01()[pri:0, instance:testfeature.LoginTest@1d057a39]" name="logintest_tc01" duration-ms="28" started-at="2020-03-23T13:18:12 IST" finished-at="2020-03-23T13:18:12 IST">
          <reporter-output>
          </reporter-output>
        </test-method> <!-- logintest_tc01 -->
      </class> <!-- testfeature.LoginTest -->
    </test> <!-- Command line test -->
  </suite> <!-- testfeature.LoginTest -->
</testng-results>
